<?xml version="1.0" encoding="UTF-8"?>
<testng-results skipped="0" failed="0" ignored="0" total="2" passed="2">
  <reporter-output>
  </reporter-output>
  <suite name="Default suite" duration-ms="39960" started-at="2018-10-02T06:17:47Z" finished-at="2018-10-02T06:18:27Z">
    <groups>
    </groups>
    <test name="Default test" duration-ms="39960" started-at="2018-10-02T06:17:47Z" finished-at="2018-10-02T06:18:27Z">
      <class name="com.gconnectTestCases.Test01HomePgLinksVald">
        <test-method status="PASS" signature="preTest()[pri:0, instance:com.gconnectTestCases.Test01HomePgLinksVald@4501b7af]" name="preTest" is-config="true" duration-ms="6882" started-at="2018-10-01T23:17:47Z" finished-at="2018-10-01T23:17:54Z">
          <reporter-output>
          </reporter-output>
        </test-method> <!-- preTest -->
        <test-method status="PASS" signature="setUp()[pri:0, instance:com.gconnectTestCases.Test01HomePgLinksVald@4501b7af]" name="setUp" duration-ms="5072" started-at="2018-10-01T23:17:54Z" finished-at="2018-10-01T23:17:59Z">
          <reporter-output>
          </reporter-output>
        </test-method> <!-- setUp -->
        <test-method status="PASS" signature="postTest(org.testng.ITestResult)[pri:0, instance:com.gconnectTestCases.Test01HomePgLinksVald@4501b7af]" name="postTest" is-config="true" duration-ms="7053" started-at="2018-10-01T23:17:59Z" finished-at="2018-10-01T23:18:06Z">
          <params>
            <param index="0">
              <value>
                <![CDATA[[TestResult name=setUp status=SUCCESS method=DriverScript.setUp()[pri:0, instance:com.gconnectTestCases.Test01HomePgLinksVald@4501b7af] output={null}]]]>
              </value>
            </param>
          </params>
          <reporter-output>
          </reporter-output>
        </test-method> <!-- postTest -->
        <test-method status="PASS" signature="preTest()[pri:0, instance:com.gconnectTestCases.Test01HomePgLinksVald@4501b7af]" name="preTest" is-config="true" duration-ms="13028" started-at="2018-10-01T23:18:06Z" finished-at="2018-10-01T23:18:19Z">
          <reporter-output>
          </reporter-output>
        </test-method> <!-- preTest -->
        <test-method status="PASS" signature="testVerifyHmPgLinks()[pri:0, instance:com.gconnectTestCases.Test01HomePgLinksVald@4501b7af]" name="testVerifyHmPgLinks" duration-ms="445" started-at="2018-10-01T23:18:19Z" finished-at="2018-10-01T23:18:19Z">
          <reporter-output>
          </reporter-output>
        </test-method> <!-- testVerifyHmPgLinks -->
        <test-method status="PASS" signature="postTest(org.testng.ITestResult)[pri:0, instance:com.gconnectTestCases.Test01HomePgLinksVald@4501b7af]" name="postTest" is-config="true" duration-ms="7440" started-at="2018-10-01T23:18:19Z" finished-at="2018-10-01T23:18:27Z">
          <params>
            <param index="0">
              <value>
                <![CDATA[[TestResult name=testVerifyHmPgLinks status=SUCCESS method=Test01HomePgLinksVald.testVerifyHmPgLinks()[pri:0, instance:com.gconnectTestCases.Test01HomePgLinksVald@4501b7af] output={null}]]]>
              </value>
            </param>
          </params>
          <reporter-output>
          </reporter-output>
        </test-method> <!-- postTest -->
      </class> <!-- com.gconnectTestCases.Test01HomePgLinksVald -->
    </test> <!-- Default test -->
  </suite> <!-- Default suite -->
</testng-results>
